2023-10-11 21:01:39,593 INFO m.ApplicationManager [ApplicationManager.java:31] Test started on Chrome
2023-10-11 21:01:40,082 INFO m.ApplicationManager [ApplicationManager.java:38] Navigated to the link ---> https://telranedu.web.app/home
2023-10-11 21:01:40,122 INFO t.TestBase [TestBase.java:27] Started test ----> loginPositiveUserDTO
2023-10-11 21:01:40,124 INFO m.NGListener [NGListener.java:16] Start of the test ---> loginPositiveUserDTO
2023-10-11 21:01:40,125 INFO m.WDListener [WDListener.java:21] Start searching element by locator ---> By.xpath: //*[.='LOGIN']
2023-10-11 21:01:40,145 INFO m.WDListener [WDListener.java:27] Element with locator ---> By.xpath: //*[.='LOGIN'] is found
2023-10-11 21:01:40,221 INFO m.WDListener [WDListener.java:21] Start searching element by locator ---> By.xpath: //input[1]
2023-10-11 21:01:40,243 INFO m.WDListener [WDListener.java:27] Element with locator ---> By.xpath: //input[1] is found
2023-10-11 21:01:40,379 INFO m.WDListener [WDListener.java:21] Start searching element by locator ---> By.xpath: //input[2]
2023-10-11 21:01:40,394 INFO m.WDListener [WDListener.java:27] Element with locator ---> By.xpath: //input[2] is found
2023-10-11 21:01:40,493 INFO m.WDListener [WDListener.java:21] Start searching element by locator ---> By.xpath: //button[1]
2023-10-11 21:01:40,521 INFO m.WDListener [WDListener.java:27] Element with locator ---> By.xpath: //button[1] is found
2023-10-11 21:01:45,558 INFO m.WDListener [WDListener.java:21] Start searching element by locator ---> By.tagName: button
2023-10-11 21:01:45,592 INFO m.WDListener [WDListener.java:27] Element with locator ---> By.tagName: button is found
2023-10-11 21:01:45,595 INFO m.NGListener [NGListener.java:22] Success test ---> loginPositiveUserDTO
2023-10-11 21:01:45,596 INFO t.TestBase [TestBase.java:32] Finished test ----> loginPositiveUserDTO
2023-10-11 21:01:45,597 INFO t.TestBase [TestBase.java:33] ==============================================================
2023-10-11 21:01:45,597 INFO t.TestBase [TestBase.java:27] Started test ----> loginPositiveUserDTO
2023-10-11 21:01:45,597 INFO m.NGListener [NGListener.java:16] Start of the test ---> loginPositiveUserDTO
2023-10-11 21:01:45,598 INFO m.WDListener [WDListener.java:21] Start searching element by locator ---> By.xpath: //*[.='LOGIN']
2023-10-11 21:01:48,626 INFO m.WDListener [WDListener.java:33] Something went wrong!!!!
2023-10-11 21:01:48,627 INFO m.WDListener [WDListener.java:34] no such element: Unable to locate element: {"method":"xpath","selector":"//*[.='LOGIN']"}
  (Session info: chrome=117.0.5938.150)
For documentation on this error, please visit: https://www.seleniumhq.org/exceptions/no_such_element.html
Build info: version: '3.141.59', revision: 'e82be7d358', time: '2018-11-14T08:17:03'
System info: host: 'TALIBINSHTOK', ip: '192.168.1.185', os.name: 'Windows 11', os.arch: 'amd64', os.version: '10.0', java.version: '1.8.0_333'
Driver info: org.openqa.selenium.chrome.ChromeDriver
Capabilities {acceptInsecureCerts: false, browserName: chrome, browserVersion: 117.0.5938.150, chrome: {chromedriverVersion: 116.0.5845.96 (1a3918166880..., userDataDir: C:\Users\tali_\AppData\Loca...}, fedcm:accounts: true, goog:chromeOptions: {debuggerAddress: localhost:62339}, javascriptEnabled: true, networkConnectionEnabled: false, pageLoadStrategy: normal, platform: WINDOWS, platformName: WINDOWS, proxy: Proxy(), setWindowRect: true, strictFileInteractability: false, timeouts: {implicit: 0, pageLoad: 300000, script: 30000}, unhandledPromptBehavior: dismiss and notify, webauthn:extension:credBlob: true, webauthn:extension:largeBlob: true, webauthn:extension:minPinLength: true, webauthn:extension:prf: true, webauthn:virtualAuthenticators: true}
Session ID: b6c1faad3622375ae3c6d49289560ec4
*** Element info: {Using=xpath, value=//*[.='LOGIN']}
2023-10-11 21:01:48,627 INFO m.WDListener [WDListener.java:35] org.openqa.selenium.NoSuchElementException: no such element: Unable to locate element: {"method":"xpath","selector":"//*[.='LOGIN']"}
  (Session info: chrome=117.0.5938.150)
For documentation on this error, please visit: https://www.seleniumhq.org/exceptions/no_such_element.html
Build info: version: '3.141.59', revision: 'e82be7d358', time: '2018-11-14T08:17:03'
System info: host: 'TALIBINSHTOK', ip: '192.168.1.185', os.name: 'Windows 11', os.arch: 'amd64', os.version: '10.0', java.version: '1.8.0_333'
Driver info: org.openqa.selenium.chrome.ChromeDriver
Capabilities {acceptInsecureCerts: false, browserName: chrome, browserVersion: 117.0.5938.150, chrome: {chromedriverVersion: 116.0.5845.96 (1a3918166880..., userDataDir: C:\Users\tali_\AppData\Loca...}, fedcm:accounts: true, goog:chromeOptions: {debuggerAddress: localhost:62339}, javascriptEnabled: true, networkConnectionEnabled: false, pageLoadStrategy: normal, platform: WINDOWS, platformName: WINDOWS, proxy: Proxy(), setWindowRect: true, strictFileInteractability: false, timeouts: {implicit: 0, pageLoad: 300000, script: 30000}, unhandledPromptBehavior: dismiss and notify, webauthn:extension:credBlob: true, webauthn:extension:largeBlob: true, webauthn:extension:minPinLength: true, webauthn:extension:prf: true, webauthn:virtualAuthenticators: true}
Session ID: b6c1faad3622375ae3c6d49289560ec4
*** Element info: {Using=xpath, value=//*[.='LOGIN']}
2023-10-11 21:01:48,881 INFO m.WDListener [WDListener.java:40] Here is the path to screenshot with error ---> src/test/screenshots/screenshot-108.png
2023-10-11 21:01:48,882 INFO m.NGListener [NGListener.java:28] Failure test ---> org.openqa.selenium.NoSuchElementException: no such element: Unable to locate element: {"method":"xpath","selector":"//*[.='LOGIN']"}
  (Session info: chrome=117.0.5938.150)
For documentation on this error, please visit: https://www.seleniumhq.org/exceptions/no_such_element.html
Build info: version: '3.141.59', revision: 'e82be7d358', time: '2018-11-14T08:17:03'
System info: host: 'TALIBINSHTOK', ip: '192.168.1.185', os.name: 'Windows 11', os.arch: 'amd64', os.version: '10.0', java.version: '1.8.0_333'
Driver info: org.openqa.selenium.chrome.ChromeDriver
Capabilities {acceptInsecureCerts: false, browserName: chrome, browserVersion: 117.0.5938.150, chrome: {chromedriverVersion: 116.0.5845.96 (1a3918166880..., userDataDir: C:\Users\tali_\AppData\Loca...}, fedcm:accounts: true, goog:chromeOptions: {debuggerAddress: localhost:62339}, javascriptEnabled: true, networkConnectionEnabled: false, pageLoadStrategy: normal, platform: WINDOWS, platformName: WINDOWS, proxy: Proxy(), setWindowRect: true, strictFileInteractability: false, timeouts: {implicit: 0, pageLoad: 300000, script: 30000}, unhandledPromptBehavior: dismiss and notify, webauthn:extension:credBlob: true, webauthn:extension:largeBlob: true, webauthn:extension:minPinLength: true, webauthn:extension:prf: true, webauthn:virtualAuthenticators: true}
Session ID: b6c1faad3622375ae3c6d49289560ec4
*** Element info: {Using=xpath, value=//*[.='LOGIN']}
2023-10-11 21:01:48,883 INFO t.TestBase [TestBase.java:32] Finished test ----> loginPositiveUserDTO
2023-10-11 21:01:48,883 INFO t.TestBase [TestBase.java:33] ==============================================================
2023-10-11 21:01:48,887 INFO t.TestBase [TestBase.java:27] Started test ----> loginPositiveUserDTO
2023-10-11 21:01:48,890 INFO m.NGListener [NGListener.java:16] Start of the test ---> loginPositiveUserDTO
2023-10-11 21:01:48,890 INFO m.WDListener [WDListener.java:21] Start searching element by locator ---> By.xpath: //*[.='LOGIN']
2023-10-11 21:01:51,980 INFO m.WDListener [WDListener.java:33] Something went wrong!!!!
2023-10-11 21:01:51,981 INFO m.WDListener [WDListener.java:34] no such element: Unable to locate element: {"method":"xpath","selector":"//*[.='LOGIN']"}
  (Session info: chrome=117.0.5938.150)
For documentation on this error, please visit: https://www.seleniumhq.org/exceptions/no_such_element.html
Build info: version: '3.141.59', revision: 'e82be7d358', time: '2018-11-14T08:17:03'
System info: host: 'TALIBINSHTOK', ip: '192.168.1.185', os.name: 'Windows 11', os.arch: 'amd64', os.version: '10.0', java.version: '1.8.0_333'
Driver info: org.openqa.selenium.chrome.ChromeDriver
Capabilities {acceptInsecureCerts: false, browserName: chrome, browserVersion: 117.0.5938.150, chrome: {chromedriverVersion: 116.0.5845.96 (1a3918166880..., userDataDir: C:\Users\tali_\AppData\Loca...}, fedcm:accounts: true, goog:chromeOptions: {debuggerAddress: localhost:62339}, javascriptEnabled: true, networkConnectionEnabled: false, pageLoadStrategy: normal, platform: WINDOWS, platformName: WINDOWS, proxy: Proxy(), setWindowRect: true, strictFileInteractability: false, timeouts: {implicit: 0, pageLoad: 300000, script: 30000}, unhandledPromptBehavior: dismiss and notify, webauthn:extension:credBlob: true, webauthn:extension:largeBlob: true, webauthn:extension:minPinLength: true, webauthn:extension:prf: true, webauthn:virtualAuthenticators: true}
Session ID: b6c1faad3622375ae3c6d49289560ec4
*** Element info: {Using=xpath, value=//*[.='LOGIN']}
2023-10-11 21:01:51,981 INFO m.WDListener [WDListener.java:35] org.openqa.selenium.NoSuchElementException: no such element: Unable to locate element: {"method":"xpath","selector":"//*[.='LOGIN']"}
  (Session info: chrome=117.0.5938.150)
For documentation on this error, please visit: https://www.seleniumhq.org/exceptions/no_such_element.html
Build info: version: '3.141.59', revision: 'e82be7d358', time: '2018-11-14T08:17:03'
System info: host: 'TALIBINSHTOK', ip: '192.168.1.185', os.name: 'Windows 11', os.arch: 'amd64', os.version: '10.0', java.version: '1.8.0_333'
Driver info: org.openqa.selenium.chrome.ChromeDriver
Capabilities {acceptInsecureCerts: false, browserName: chrome, browserVersion: 117.0.5938.150, chrome: {chromedriverVersion: 116.0.5845.96 (1a3918166880..., userDataDir: C:\Users\tali_\AppData\Loca...}, fedcm:accounts: true, goog:chromeOptions: {debuggerAddress: localhost:62339}, javascriptEnabled: true, networkConnectionEnabled: false, pageLoadStrategy: normal, platform: WINDOWS, platformName: WINDOWS, proxy: Proxy(), setWindowRect: true, strictFileInteractability: false, timeouts: {implicit: 0, pageLoad: 300000, script: 30000}, unhandledPromptBehavior: dismiss and notify, webauthn:extension:credBlob: true, webauthn:extension:largeBlob: true, webauthn:extension:minPinLength: true, webauthn:extension:prf: true, webauthn:virtualAuthenticators: true}
Session ID: b6c1faad3622375ae3c6d49289560ec4
*** Element info: {Using=xpath, value=//*[.='LOGIN']}
2023-10-11 21:01:52,207 INFO m.WDListener [WDListener.java:40] Here is the path to screenshot with error ---> src/test/screenshots/screenshot-111.png
2023-10-11 21:01:52,208 INFO m.NGListener [NGListener.java:28] Failure test ---> org.openqa.selenium.NoSuchElementException: no such element: Unable to locate element: {"method":"xpath","selector":"//*[.='LOGIN']"}
  (Session info: chrome=117.0.5938.150)
For documentation on this error, please visit: https://www.seleniumhq.org/exceptions/no_such_element.html
Build info: version: '3.141.59', revision: 'e82be7d358', time: '2018-11-14T08:17:03'
System info: host: 'TALIBINSHTOK', ip: '192.168.1.185', os.name: 'Windows 11', os.arch: 'amd64', os.version: '10.0', java.version: '1.8.0_333'
Driver info: org.openqa.selenium.chrome.ChromeDriver
Capabilities {acceptInsecureCerts: false, browserName: chrome, browserVersion: 117.0.5938.150, chrome: {chromedriverVersion: 116.0.5845.96 (1a3918166880..., userDataDir: C:\Users\tali_\AppData\Loca...}, fedcm:accounts: true, goog:chromeOptions: {debuggerAddress: localhost:62339}, javascriptEnabled: true, networkConnectionEnabled: false, pageLoadStrategy: normal, platform: WINDOWS, platformName: WINDOWS, proxy: Proxy(), setWindowRect: true, strictFileInteractability: false, timeouts: {implicit: 0, pageLoad: 300000, script: 30000}, unhandledPromptBehavior: dismiss and notify, webauthn:extension:credBlob: true, webauthn:extension:largeBlob: true, webauthn:extension:minPinLength: true, webauthn:extension:prf: true, webauthn:virtualAuthenticators: true}
Session ID: b6c1faad3622375ae3c6d49289560ec4
*** Element info: {Using=xpath, value=//*[.='LOGIN']}
2023-10-11 21:01:52,209 INFO t.TestBase [TestBase.java:32] Finished test ----> loginPositiveUserDTO
2023-10-11 21:01:52,209 INFO t.TestBase [TestBase.java:33] ==============================================================
2023-10-11 21:01:53,029 INFO m.ApplicationManager [ApplicationManager.java:46] Tests completed
